[INFO] 2024-08-31 12:00:00 - System boot completed.
[WARNING] 2024-08-31 12:01:00 - Low disk space on /dev/sda1.
[ERROR] 2024-08-31 12:02:00 - Failed to start apache service.
[INFO] 2024-08-31 12:03:00 - User logged in: user1.
[INFO] 2024-08-31 12:04:00 - User logged out: user1.
[WARNING] 2024-08-31 12:05:00 - High memory usage detected.
[ERROR] 2024-08-31 12:06:00 - Network connection lost.
[INFO] 2024-08-31 12:07:00 - Scheduled backup completed.
[WARNING] 2024-08-31 12:08:00 - CPU temperature high.
[ERROR] 2024-08-31 12:09:00 - Disk write error on /dev/sdb1.
[INFO] 2024-08-31 12:10:00 - System update started.
[INFO] 2024-08-31 12:11:00 - System update completed.
[INFO] 2024-08-31 12:12:00 - User logged in: admin.
[ERROR] 2024-08-31 12:13:00 - Failed to mount /dev/sdc1.
[WARNING] 2024-08-31 12:14:00 - Battery level low.
[INFO] 2024-08-31 12:15:00 - Network connection restored.
[ERROR] 2024-08-31 12:16:00 - Database connection timeout.
[WARNING] 2024-08-31 12:17:00 - Possible security breach detected.
[INFO] 2024-08-31 12:18:00 - User logged out: admin.
[INFO] 2024-08-31 12:19:00 - Scheduled maintenance started.
[ERROR] 2024-08-31 12:20:00 - Error reading configuration file.
[WARNING] 2024-08-31 12:21:00 - Temperature sensor malfunction.
[INFO] 2024-08-31 12:22:00 - Maintenance completed.
[INFO] 2024-08-31 12:23:00 - User logged in: user2.
[ERROR] 2024-08-31 12:24:00 - Firewall rule error.
[WARNING] 2024-08-31 12:25:00 - High CPU usage.
[INFO] 2024-08-31 12:26:00 - User logged out: user2.
[ERROR] 2024-08-31 12:27:00 - System overheated.
[INFO] 2024-08-31 12:28:00 - Cooling system activated.
[INFO] 2024-08-31 12:29:00 - System temperature normal.
[WARNING] 2024-08-31 12:30:00 - Low memory available.
[ERROR] 2024-08-31 12:31:00 - Failed to write to /dev/sda2.
[INFO] 2024-08-31 12:32:00 - User logged in: guest.
[INFO] 2024-08-31 12:33:00 - User logged out: guest.
[WARNING] 2024-08-31 12:34:00 - Software update available.
[ERROR] 2024-08-31 12:35:00 - Unable to connect to update server.
[INFO] 2024-08-31 12:36:00 - Reboot scheduled.
[WARNING] 2024-08-31 12:37:00 - High disk I/O on /dev/sdb1.
[ERROR] 2024-08-31 12:38:00 - Power failure detected.
[INFO] 2024-08-31 12:39:00 - System shutdown initiated.
[INFO] 2024-08-31 12:40:00 - System boot completed.
[WARNING] 2024-08-31 12:41:00 - Low disk space on /dev/sda1.
[ERROR] 2024-08-31 12:42:00 - Failed to start apache service.
[INFO] 2024-08-31 12:43:00 - User logged in: user1.
[INFO] 2024-08-31 12:44:00 - User logged out: user1.
[WARNING] 2024-08-31 12:45:00 - High memory usage detected.
[ERROR] 2024-08-31 12:46:00 - Network connection lost.
[INFO] 2024-08-31 12:47:00 - Scheduled backup completed.
[WARNING] 2024-08-31 12:48:00 - CPU temperature high.
[ERROR] 2024-08-31 12:49:00 - Disk write error on /dev/sdb1.
[INFO] 2024-08-31 12:50:00 - System update started.
[INFO] 2024-08-31 12:51:00 - System update completed.
[INFO] 2024-08-31 12:52:00 - User logged in: admin.
[ERROR] 2024-08-31 12:53:00 - Failed to mount /dev/sdc1.
[WARNING] 2024-08-31 12:54:00 - Battery level low.
[INFO] 2024-08-31 12:55:00 - Network connection restored.
[ERROR] 2024-08-31 12:56:00 - Database connection timeout.
[WARNING] 2024-08-31 12:57:00 - Possible security breach detected.
[INFO] 2024-08-31 12:58:00 - User logged out: admin.
[INFO] 2024-08-31 12:59:00 - Scheduled maintenance started.
[ERROR] 2024-08-31 13:00:00 - Error reading configuration file.
[WARNING] 2024-08-31 13:01:00 - Temperature sensor malfunction.
[INFO] 2024-08-31 13:02:00 - Maintenance completed.
[INFO] 2024-08-31 13:03:00 - User logged in: user2.
[ERROR] 2024-08-31 13:04:00 - Firewall rule error.
[WARNING] 2024-08-31 13:05:00 - High CPU usage.
[INFO] 2024-08-31 13:06:00 - User logged out: user2.
[ERROR] 2024-08-31 13:07:00 - System overheated.
[INFO] 2024-08-31 13:08:00 - Cooling system activated.
[INFO] 2024-08-31 13:09:00 - System temperature normal.
[WARNING] 2024-08-31 13:10:00 - Low memory available.
[ERROR] 2024-08-31 13:11:00 - Failed to write to /dev/sda2.
[INFO] 2024-08-31 13:12:00 - User logged in: guest.
[INFO] 2024-08-31 13:13:00 - User logged out: guest.
[WARNING] 2024-08-31 13:14:00 - Software update available.
[ERROR] 2024-08-31 13:15:00 - Unable to connect to update server.
[INFO] 2024-08-31 13:16:00 - Reboot scheduled.
[WARNING] 2024-08-31 13:17:00 - High disk I/O on /dev/sdb1.
[ERROR] 2024-08-31 13:18:00 - Power failure detected.
[INFO] 2024-08-31 13:19:00 - System shutdown initiated.
[INFO] 2024-08-31 13:20:00 - System boot completed.
[WARNING] 2024-08-31 13:21:00 - Low disk space on /dev/sda1.
[ERROR] 2024-08-31 13:22:00 - Failed to start apache service.
[INFO] 2024-08-31 13:23:00 - User logged in: user1.
[INFO] 2024-08-31 13:24:00 - User logged out: user1.
[WARNING] 2024-08-31 13:25:00 - High memory usage detected.
[ERROR] 2024-08-31 13:26:00 - Network connection lost.
[INFO] 2024-08-31 13:27:00 - Scheduled backup completed.
[WARNING] 2024-08-31 13:28:00 - CPU temperature high.
[ERROR] 2024-08-31 13:29:00 - Disk write error on /dev/sdb1.
[INFO] 2024-08-31 13:30:00 - System update started.
[INFO] 2024-08-31 13:31:00 - System update completed.
[INFO] 2024-08-31 13:32:00 - User logged in: admin.
[ERROR] 2024-08-31 13:33:00 - Failed to mount /dev/sdc1.
[WARNING] 2024-08-31 13:34:00 - Battery level low.
[INFO] 2024-08-31 13:35:00 - Network connection restored.
[ERROR] 2024-08-31 13:36:00 - Database connection timeout.
[WARNING] 2024-08-31 13:37:00 - Possible security breach detected.
[INFO] 2024-08-31 13:38:00 - User logged out: admin.
[INFO] 2024-08-31 13:39:00 - Scheduled maintenance started.
[ERROR] 2024-08-31 13:40:00 - Error reading configuration file.
[WARNING] 2024-08-31 13:41:00 - Temperature sensor malfunction.
[INFO] 2024-08-31 13:42:00 - Maintenance completed.
[INFO] 2024-08-31 13:43:00 - User logged in: user2.
[ERROR] 2024-08-31 13:44:00 - Firewall rule error.
[WARNING] 2024-08-31 13:45:00 - High CPU usage.
[INFO] 2024-08-31 13:46:00 - User logged out: user2.
[ERROR] 2024-08-31 13:47:00 - System overheated.
[INFO] 2024-08-31 13:48:00 - Cooling system activated.
[INFO] 2024-08-31 13:49:00 - System temperature normal.
[WARNING] 2024-08-31 13:50:00 - Low memory available.
[ERROR] 2024-08-31 13:51:00 - Failed to write to /dev/sda2.
[INFO] 2024-08-31 13:52:00 - User logged in: guest.
[INFO] 2024-08-31 13:53:00 - User logged out: guest.
[WARNING] 2024-08-31 13:54:00 - Software update available.
[ERROR] 2024-08-31 13:55:00 - Unable to connect to update server.
[INFO] 2024-08-31 13:56:00 - Reboot scheduled.
[WARNING] 2024-08-31 13:57:00 - High disk I/O on /dev/sdb1.
[ERROR] 2024-08-31 13:58:00 - Power failure detected.
[INFO] 2024-08-31 13:59:00 - System shutdown initiated.
[INFO] 2024-08-31 14:00:00 - System boot completed.
[WARNING] 2024-08-31 14:01:00 - Low disk space on /dev/sda1.
[ERROR] 2024-08-31 14:02:00 - Failed to start apache service.
[INFO] 2024-08-31 14:03:00 - User logged in: user1.
[INFO] 2024-08-31 14:04:00 - User logged out: user1.
[WARNING] 2024-08-31 14:05:00 - High memory usage detected.
[ERROR] 2024-08-31 14:06:00 - Network connection lost.
[INFO] 2024-08-31 14:07:00 - Scheduled backup completed.
[WARNING] 2024-08-31 14:08:00 - CPU temperature high.
[ERROR] 2024-08-31 14:09:00 - Disk write error on /dev/sdb1.
[INFO] 2024-08-31 14:10:00 - System update started.
[INFO] 2024-08-31 14:11:00 - System update completed.
[INFO] 2024-08-31 14:12:00 - User logged in: admin.
[ERROR] 2024-08-31 14:13:00 - Failed to mount /dev/sdc1.
[WARNING] 2024-08-31 14:14:00 - Battery level low.
[INFO] 2024-08-31 14:15:00 - Network connection restored.
[ERROR] 2024-08-31 14:16:00 - Database connection timeout.
[WARNING] 2024-08-31 14:17:00 - Possible security breach detected.
[INFO] 2024-08-31 14:18:00 - User logged out: admin.
[INFO] 2024-08-31 14:19:00 - Scheduled maintenance started.
[ERROR] 2024-08-31 14:20:00 - Error reading configuration file.
[WARNING] 2024-08-31 14:21:00 - Temperature sensor malfunction.
[INFO] 2024-08-31 14:22:00 - Maintenance completed.
[INFO] 2024-08-31 14:23:00 - User logged in: user2.
[ERROR] 2024-08-31 14:24:00 - Firewall rule error.
[WARNING] 2024-08-31 14:25:00 - High CPU usage.
[INFO] 2024-08-31 14:26:00 - User logged out: user2.
[ERROR] 2024-08-31 14:27:00 - System overheated.
[INFO] 2024-08-31 14:28:00 - Cooling system activated.
[INFO] 2024-08-31 14:29:00 - System temperature normal.
[WARNING] 2024-08-31 14:30:00 - Low memory available.
[ERROR] 2024-08-31 14:31:00 - Failed to write to /dev/sda2.
[INFO] 2024-08-31 14:32:00 - User logged in: guest.
[INFO] 2024-08-31 14:33:00 - User logged out: guest.
[WARNING] 2024-08-31 14:34:00 - Software update available.
[ERROR] 2024-08-31 14:35:00 - Unable to connect to update server.
[INFO] 2024-08-31 14:36:00 - Reboot scheduled.
[WARNING] 2024-08-31 14:37:00 - High disk I/O on /dev/sdb1.
[ERROR] 2024-08-31 14:38:00 - Power failure detected.
[INFO] 2024-08-31 14:39:00 - System shutdown initiated.
[INFO] 2024-08-31 14:40:00 - System boot completed.
[WARNING] 2024-08-31 14:41:00 - Low disk space on /dev/sda1.
[ERROR] 2024-08-31 14:42:00 - Failed to start apache service.
[INFO] 2024-08-31 14:43:00 - User logged in: user1.
[INFO] 2024-08-31 14:44:00 - User logged out: user1.
[WARNING] 2024-08-31 14:45:00 - High memory usage detected.
[ERROR] 2024-08-31 14:46:00 - Network connection lost.
[INFO] 2024-08-31 14:47:00 - Scheduled backup completed.
[WARNING] 2024-08-31 14:48:00 - CPU temperature high.
[ERROR] 2024-08-31 14:49:00 - Disk write error on /dev/sdb1.
[INFO] 2024-08-31 14:50:00 - System update started.
[INFO] 2024-08-31 14:51:00 - System update completed.
[INFO] 2024-08-31 14:52:00 - User logged in: admin.
[ERROR] 2024-08-31 14:53:00 - Failed to mount /dev/sdc1.
[WARNING] 2024-08-31 14:54:00 - Battery level low.
[INFO] 2024-08-31 14:55:00 - Network connection restored.
[ERROR] 2024-08-31 14:56:00 - Database connection timeout.
[WARNING] 2024-08-31 14:57:00 - Possible security breach detected.
[INFO] 2024-08-31 14:58:00 - User logged out: admin.
[INFO] 2024-08-31 14:59:00 - Scheduled maintenance started.
[ERROR] 2024-08-31 15:00:00 - Error reading configuration file.
[WARNING] 2024-08-31 15:01:00 - Temperature sensor malfunction.
[INFO] 2024-08-31 15:02:00 - Maintenance completed.
[INFO] 2024-08-31 15:03:00 - User logged in: user2.
[ERROR] 2024-08-31 15:04:00 - Firewall rule error.
[WARNING] 2024-08-31 15:05:00 - High CPU usage.
[INFO] 2024-08-31 15:06:00 - User logged out: user2.
[ERROR] 2024-08-31 15:07:00 - System overheated.
[INFO] 2024-08-31 15:08:00 - Cooling system activated.
[INFO] 2024-08-31 15:09:00 - System temperature normal.
[WARNING] 2024-08-31 15:10:00 - Low memory available.
[ERROR] 2024-08-31 15:11:00 - Failed to write to /dev/sda2.
[INFO] 2024-08-31 15:12:00 - User logged in: guest.
[INFO] 2024-08-31 15:13:00 - User logged out: guest.
[WARNING] 2024-08-31 15:14:00 - Software update available.
[ERROR] 2024-08-31 15:15:00 - Unable to connect to update server.
[INFO] 2024-08-31 15:16:00 - Reboot scheduled.
[WARNING] 2024-08-31 15:17:00 - High disk I/O on /dev/sdb1.
[ERROR] 2024-08-31 15:18:00 - Power failure detected.
[INFO] 2024-08-31 15:19:00 - System shutdown initiated.
[INFO] 2024-08-31 15:20:00 - System boot completed.
[WARNING] 2024-08-31 15:21:00 - Low disk space on /dev/sda1.
[ERROR] 2024-08-31 15:22:00 - Failed to start apache service.
[INFO] 2024-08-31 15:23:00 - User logged in: user1.
[INFO] 2024-08-31 15:24:00 - User logged out: user1.
[WARNING] 2024-08-31 15:25:00 - High memory usage detected.
[ERROR] 2024-08-31 15:26:00 - Network connection lost.
[INFO] 2024-08-31 15:27:00 - Scheduled backup completed.
[WARNING] 2024-08-31 15:28:00 - CPU temperature high.
[ERROR] 2024-08-31 15:29:00 - Disk write error on /dev/sdb1.
[INFO] 2024-08-31 15:30:00 - System update started.
[INFO] 2024-08-31 15:31:00 - System update completed.
[INFO] 2024-08-31 15:32:00 - User logged in: admin.
[ERROR] 2024-08-31 15:33:00 - Failed to mount /dev/sdc1.
[WARNING] 2024-08-31 15:34:00 - Battery level low.
[INFO] 2024-08-31 15:35:00 - Network connection restored.
[ERROR] 2024-08-31 15:36:00 - Database connection timeout.
[WARNING] 2024-08-31 15:37:00 - Possible security breach detected.
[INFO] 2024-08-31 15:38:00 - User logged out: admin.
[INFO] 2024-08-31 15:39:00 - Scheduled maintenance started.
[ERROR] 2024-08-31 15:40:00 - Error reading configuration file.
[WARNING] 2024-08-31 15:41:00 - Temperature sensor malfunction.
[INFO] 2024-08-31 15:42:00 - Maintenance completed.
[INFO] 2024-08-31 15:43:00 - User logged in: user2.
[ERROR] 2024-08-31 15:44:00 - Firewall rule error.
[WARNING] 2024-08-31 15:45:00 - High CPU usage.
[INFO] 2024-08-31 15:46:00 - User logged out: user2.
[ERROR] 2024-08-31 15:47:00 - System overheated.
[INFO] 2024-08-31 15:48:00 - Cooling system activated.
[INFO] 2024-08-31 15:49:00 - System temperature normal.
[WARNING] 2024-08-31 15:50:00 - Low memory available.
[ERROR] 2024-08-31 15:51:00 - Failed to write to /dev/sda2.
[INFO] 2024-08-31 15:52:00 - User logged in: guest.
[INFO] 2024-08-31 15:53:00 - User logged out: guest.
[WARNING] 2024-08-31 15:54:00 - Software update available.
[ERROR] 2024-08-31 15:55:00 - Unable to connect to update server.
[INFO] 2024-08-31 15:56:00 - Reboot scheduled.
[WARNING] 2024-08-31 15:57:00 - High disk I/O on /dev/sdb1.
[ERROR] 2024-08-31 15:58:00 - Power failure detected.
[INFO] 2024-08-31 15:59:00 - System shutdown initiated.
